#
# There is insufficient memory for the Java Runtime Environment to continue.
# Native memory allocation (malloc) failed to allocate 1048576 bytes for AllocateHeap
# Possible reasons:
#   The system is out of physical RAM or swap space
#   The process is running with CompressedOops enabled, and the Java Heap may be blocking the growth of the native heap
# Possible solutions:
#   Reduce memory load on the system
#   Increase physical memory or swap space
#   Check if swap backing store is full
#   Decrease Java heap size (-Xmx/-Xms)
#   Decrease number of Java threads
#   Decrease Java thread stack sizes (-Xss)
#   Set larger code cache with -XX:ReservedCodeCacheSize=
#   JVM is running with Zero Based Compressed Oops mode in which the Java heap is
#     placed in the first 32GB address space. The Java Heap base address is the
#     maximum limit for the native heap growth. Please use -XX:HeapBaseMinAddress
#     to set the Java Heap base and to place the Java Heap above 32GB virtual address.
# This output file may be truncated or incomplete.
#
#  Out of Memory Error (memory/allocation.inline.hpp:61), pid=18304, tid=0x0000000000003ff0
#
# JRE version:  (8.0_231-b11) (build )
# Java VM: Java HotSpot(TM) 64-Bit Server VM (25.231-b11 mixed mode windows-amd64 compressed oops)
# Failed to write core dump. Minidumps are not enabled by default on client versions of Windows
#

---------------  T H R E A D  ---------------

Current thread (0x00000000029b4000):  JavaThread "Unknown thread" [_thread_in_vm, id=16368, stack(0x0000000002290000,0x0000000002390000)]

Stack: [0x0000000002290000,0x0000000002390000]
[error occurred during error reporting (printing stack bounds), id 0xc0000005]

Native frames: (J=compiled Java code, j=interpreted, Vv=VM code, C=native code)


---------------  P R O C E S S  ---------------

Java Threads: ( => current thread )

Other Threads:

=>0x00000000029b4000 (exited) JavaThread "Unknown thread" [_thread_in_vm, id=16368, stack(0x0000000002290000,0x0000000002390000)]

VM state:not at safepoint (normal execution)

VM Mutex/Monitor currently owned by a thread: None

heap address: 0x00000006c3e00000, size: 4034 MB, Compressed Oops mode: Zero based, Oop shift amount: 3
Narrow klass base: 0x0000000000000000, Narrow klass shift: 3
Compressed class space size: 1073741824 Address: 0x00000007c0000000

Heap:
 PSYoungGen      total 75776K, used 1300K [0x000000076bf80000, 0x0000000771400000, 0x00000007c0000000)
  eden space 65024K, 2% used [0x000000076bf80000,0x000000076c0c51f8,0x000000076ff00000)
  from space 10752K, 0% used [0x0000000770980000,0x0000000770980000,0x0000000771400000)
  to   space 10752K, 0% used [0x000000076ff00000,0x000000076ff00000,0x0000000770980000)
 ParOldGen       total 173568K, used 0K [0x00000006c3e00000, 0x00000006ce780000, 0x000000076bf80000)
  object space 173568K, 0% used [0x00000006c3e00000,0x00000006c3e00000,0x00000006ce780000)
 Metaspace       used 787K, capacity 4480K, committed 4480K, reserved 1056768K
  class space    used 76K, capacity 384K, committed 384K, reserved 1048576K

Card table byte_map: [0x0000000011e70000,0x0000000012660000] byte_map_base: 0x000000000e851000

Marking Bits: (ParMarkBitMap*) 0x0000000052bf6d90
 Begin Bits: [0x00000000135b0000, 0x00000000174b8000)
 End Bits:   [0x00000000174b8000, 0x000000001b3c0000)

Polling page: 0x00000000001d0000

CodeCache: size=245760Kb used=328Kb max_used=328Kb free=245431Kb
 bounds [0x0000000002ab0000, 0x0000000002d20000, 0x0000000011ab0000]
 total_blobs=58 nmethods=0 adapters=38
 compilation: enabled

Compilation events (0 events):
No events

GC Heap History (0 events):
No events

Deoptimization events (0 events):
No events

Classes redefined (0 events):
No events

Internal exceptions (0 events):
No events

Events (10 events):
Event: 0.021 loading class java/lang/Short
Event: 0.021 loading class java/lang/Short done
Event: 0.021 loading class java/lang/Integer
Event: 0.021 loading class java/lang/Integer done
Event: 0.021 loading class java/lang/Long
Event: 0.021 loading class java/lang/Long done
Event: 0.021 loading class java/lang/NullPointerException
Event: 0.021 loading class java/lang/NullPointerException done
Event: 0.021 loading class java/lang/ArithmeticException
Event: 0.021 loading class java/lang/ArithmeticException done


Dynamic libraries:
0x00007ff75d5d0000 - 0x00007ff75d607000 	C:\Program Files\Java\jdk1.8.0_231\bin\java.exe
0x00007ffd16810000 - 0x00007ffd16a08000 	C:\Windows\SYSTEM32\ntdll.dll
0x00007ffd15d10000 - 0x00007ffd15dcd000 	C:\Windows\System32\KERNEL32.DLL
0x00007ffd14090000 - 0x00007ffd1435e000 	C:\Windows\System32\KERNELBASE.dll
0x00007ffd162d0000 - 0x00007ffd1637e000 	C:\Windows\System32\ADVAPI32.dll
0x00007ffd14870000 - 0x00007ffd1490e000 	C:\Windows\System32\msvcrt.dll
0x00007ffd154a0000 - 0x00007ffd1553c000 	C:\Windows\System32\sechost.dll
0x00007ffd15de0000 - 0x00007ffd15f05000 	C:\Windows\System32\RPCRT4.dll
0x00007ffd149f0000 - 0x00007ffd14b90000 	C:\Windows\System32\USER32.dll
0x00007ffd14650000 - 0x00007ffd14672000 	C:\Windows\System32\win32u.dll
0x00007ffd162a0000 - 0x00007ffd162ca000 	C:\Windows\System32\GDI32.dll
0x00007ffd146d0000 - 0x00007ffd147db000 	C:\Windows\System32\gdi32full.dll
0x00007ffd14440000 - 0x00007ffd144dd000 	C:\Windows\System32\msvcp_win.dll
0x00007ffd14550000 - 0x00007ffd14650000 	C:\Windows\System32\ucrtbase.dll
0x00007ffcfb870000 - 0x00007ffcfbb0a000 	C:\Windows\WinSxS\amd64_microsoft.windows.common-controls_6595b64144ccf1df_6.0.19041.1110_none_60b5254171f9507e\COMCTL32.dll
0x00007ffd16060000 - 0x00007ffd16090000 	C:\Windows\System32\IMM32.DLL
0x0000000052c80000 - 0x0000000052d52000 	C:\Program Files\Java\jdk1.8.0_231\jre\bin\msvcr100.dll
0x00000000523d0000 - 0x0000000052c76000 	C:\Program Files\Java\jdk1.8.0_231\jre\bin\server\jvm.dll
0x00007ffd152e0000 - 0x00007ffd152e8000 	C:\Windows\System32\PSAPI.DLL
0x00007ffd0cc50000 - 0x00007ffd0cc59000 	C:\Windows\SYSTEM32\WSOCK32.dll
0x00007ffcffee0000 - 0x00007ffcfff07000 	C:\Windows\SYSTEM32\WINMM.dll
0x00007ffd0df10000 - 0x00007ffd0df1a000 	C:\Windows\SYSTEM32\VERSION.dll
0x00007ffd15f70000 - 0x00007ffd15fdb000 	C:\Windows\System32\WS2_32.dll
0x00007ffd11700000 - 0x00007ffd1170f000 	C:\Program Files\Java\jdk1.8.0_231\jre\bin\verify.dll
0x00007ffd0fa70000 - 0x00007ffd0fa99000 	C:\Program Files\Java\jdk1.8.0_231\jre\bin\java.dll
0x00007ffcf3940000 - 0x00007ffcf3975000 	C:\Program Files\Java\jdk1.8.0_231\jre\bin\jdwp.dll
0x00007ffd0fad0000 - 0x00007ffd0fad8000 	C:\Program Files\Java\jdk1.8.0_231\jre\bin\npt.dll
0x00007ffcf56c0000 - 0x00007ffcf56e3000 	C:\Program Files\Java\jdk1.8.0_231\jre\bin\instrument.dll
0x00007ffd0fa50000 - 0x00007ffd0fa66000 	C:\Program Files\Java\jdk1.8.0_231\jre\bin\zip.dll

VM Arguments:
jvm_args: -agentlib:jdwp=transport=dt_socket,address=127.0.0.1:49261,suspend=y,server=n -javaagent:C:\Users\PC\AppData\Local\JetBrains\IntelliJIdea2020.2\captureAgent\debugger-agent.jar -Dfile.encoding=UTF-8 
java_command: leetcode.editor.cn.dataStruct.AvlTree
java_class_path (initial): C:\Program Files\Java\jdk1.8.0_231\jre\lib\charsets.jar;C:\Program Files\Java\jdk1.8.0_231\jre\lib\deploy.jar;C:\Program Files\Java\jdk1.8.0_231\jre\lib\ext\access-bridge-64.jar;C:\Program Files\Java\jdk1.8.0_231\jre\lib\ext\cldrdata.jar;C:\Program Files\Java\jdk1.8.0_231\jre\lib\ext\dnsns.jar;C:\Program Files\Java\jdk1.8.0_231\jre\lib\ext\jaccess.jar;C:\Program Files\Java\jdk1.8.0_231\jre\lib\ext\jfxrt.jar;C:\Program Files\Java\jdk1.8.0_231\jre\lib\ext\localedata.jar;C:\Program Files\Java\jdk1.8.0_231\jre\lib\ext\nashorn.jar;C:\Program Files\Java\jdk1.8.0_231\jre\lib\ext\sunec.jar;C:\Program Files\Java\jdk1.8.0_231\jre\lib\ext\sunjce_provider.jar;C:\Program Files\Java\jdk1.8.0_231\jre\lib\ext\sunmscapi.jar;C:\Program Files\Java\jdk1.8.0_231\jre\lib\ext\sunpkcs11.jar;C:\Program Files\Java\jdk1.8.0_231\jre\lib\ext\zipfs.jar;C:\Program Files\Java\jdk1.8.0_231\jre\lib\javaws.jar;C:\Program Files\Java\jdk1.8.0_231\jre\lib\jce.jar;C:\Program Files\Java\jdk1.8.0_231\jre\lib\jfr.jar;C:\Program Files\Java\jdk1.8.0_231\jre\lib\jfxswt.jar;C:\Program Files\Java\jdk1.8.0_231\jre\lib\jsse.jar;C:\Program Files\Java\jdk1.8.0_231\jre\lib\management-agent.jar;C:\Program Files\Java\jdk1.8.0_231\jre\lib\plugin.jar;C:\Program Files\Java\jdk1.8.0_231\jre\lib\resources.jar;C:\Program Files\Java\jdk1.8.0_231\jre\lib\rt.jar;C:\Users\PC\Desktop\leetcode\target\classes;C:\Users\PC\.m2\repository\junit\junit\4.12\junit-4.12.jar;C:\Users\PC\.m2\repository\org\hamcrest\hamcrest-core\1.3\hamcrest-core-1.3.jar;C:\Program Files\JetBrains\IntelliJ IDEA 2020.2.4\lib\idea_rt.jar;C:\Users\PC\AppData\Local\JetBrains\IntelliJIdea2020.2\captureAgent\debugger-agent.jar
Launcher Type: SUN_STANDARD

Environment Variables:
JAVA_HOME=C:\Program Files\Java\jdk1.8.0_231
CLASSPATH=.;C:\Program Files\Java\jdk1.8.0_231\lib;C:\Program Files\Java\jdk1.8.0_231\lib\tool.jar
PATH=C:\Program Files (x86)\Common Files\NetSarang;C:\Program Files (x86)\NetSarang\Xshell 6\;"C:\Program Files (x86)\Common Files\Oracle\Java\javapath;D:\mysql\mysql-8.0.22-winx64\bin;";C:\Windows\system32;C:\Windows;C:\Windows\System32\Wbem;C:\Windows\System32\WindowsPowerShell\v1.0\;C:\Windows\System32\OpenSSH\;C:\Program Files\Java\jdk1.8.0_231\bin;.;C:\Program Files\Java\jdk1.8.0_231\lib;C:\Program Files\Java\jdk1.8.0_231\lib\tool.jar;D:\apache-tomcat-9.0.40-windows-x64\apache-tomcat-9.0.40\lib;D:\apache-tomcat-9.0.40-windows-x64\apache-tomcat-9.0.40\bin;C:\Program Files\nodejs\;C:\Program Files\Git\cmd\;C:\Program Files\dotnet\;C:\Program Files\TortoiseSVN\bin;D:\apache-maven-3.6.1\bin\;C:\Users\PC\AppData\Local\Microsoft\WindowsApps;;C:\Users\PC\AppData\Local\Programs\Microsoft VS Code\bin;C:\Users\PC\AppData\Roaming\npm;D:\go.2020.1\GoLand 2020.1\bin;;D:\apache-maven-3.6.1\bin
USERNAME=PC
OS=Windows_NT
PROCESSOR_IDENTIFIER=Intel64 Family 6 Model 165 Stepping 3, GenuineIntel



---------------  S Y S T E M  ---------------

OS: Windows 10.0 , 64 bit Build 19041 (10.0.19041.1806)

CPU:total 12 (initial active 12) (6 cores per cpu, 2 threads per core) family 6 model 165 stepping 3, cmov, cx8, fxsr, mmx, sse, sse2, sse3, ssse3, sse4.1, sse4.2, popcnt, avx, avx2, aes, clmul, erms, 3dnowpref, lzcnt, ht, tsc, tscinvbit, bmi1, bmi2, adx

Memory: 4k page, physical 16518864k(3834516k free), swap 16518864k(6604k free)

vm_info: Java HotSpot(TM) 64-Bit Server VM (25.231-b11) for windows-amd64 JRE (1.8.0_231-b11), built on Oct  5 2019 03:11:30 by "java_re" with MS VC++ 10.0 (VS2010)

time: Thu Oct 13 17:22:39 2022
timezone: 中国标准时间
elapsed time: 0 seconds (0d 0h 0m 0s)

